

Version:	3.50
CmdLine:	D:\Study and work areas\Program Project gather\JAVA Program\JAVA-Project\实训课作业\day09\out\bin\Client.exe --l4j-debug
JNI:		No
WOW64:		Yes
Working dir:	D:\Study and work areas\Program Project gather\JAVA Program\JAVA-Project\实训课作业\day09\out\bin\.
Requires JDK:	No
Requires 64-Bit: No
Java min ver:	
Java max ver:	
Substitute:	JAVA_HOME = D:\Java\jdk-22
JRE paths:	D:\Java\jdk-22\bin
Check launcher:	D:\Java\jdk-22\bin\javaw.exe (OK)
Version string: 1.022.000_002 / 64-Bit (OK)
Launcher:	D:\Java\jdk-22\bin\javaw.exe
Launcher args:	-jar "D:\Study and work areas\Program Project gather\JAVA Program\JAVA-Project\实训课作业\day09\out\bin\Client.exe"
Args length:	115/32768 chars
Exit code:	0


Version:	3.50
CmdLine:	D:\Study and work areas\Program Project gather\JAVA Program\JAVA-Project\实训课作业\day09\out\bin\Server.exe --l4j-debug
JNI:		No
WOW64:		Yes
Working dir:	D:\Study and work areas\Program Project gather\JAVA Program\JAVA-Project\实训课作业\day09\out\bin\.
Requires JDK:	No
Requires 64-Bit: No
Java min ver:	
Java max ver:	
Substitute:	JAVA_HOME = D:\Java\jdk-22
JRE paths:	D:\Java\jdk-22\bin
Check launcher:	D:\Java\jdk-22\bin\javaw.exe (OK)
Version string: 1.022.000_002 / 64-Bit (OK)
Launcher:	D:\Java\jdk-22\bin\javaw.exe
Launcher args:	-jar "D:\Study and work areas\Program Project gather\JAVA Program\JAVA-Project\实训课作业\day09\out\bin\Server.exe"
Args length:	115/32768 chars
Exit code:	0


Version:	3.50
CmdLine:	D:\Study and work areas\Program Project gather\JAVA Program\JAVA-Project\实训课作业\day09\out\bin\Server.exe --l4j-debug
JNI:		No
WOW64:		Yes
Working dir:	D:\Study and work areas\Program Project gather\JAVA Program\JAVA-Project\实训课作业\day09\out\bin\.
Requires JDK:	No
Requires 64-Bit: No
Java min ver:	
Java max ver:	
Substitute:	JAVA_HOME = D:\Java\jdk-22
JRE paths:	D:\Java\jdk-22\bin
Check launcher:	D:\Java\jdk-22\bin\javaw.exe (OK)
Version string: 1.022.000_002 / 64-Bit (OK)
Launcher:	D:\Java\jdk-22\bin\javaw.exe
Launcher args:	-jar "D:\Study and work areas\Program Project gather\JAVA Program\JAVA-Project\实训课作业\day09\out\bin\Server.exe"
Args length:	115/32768 chars
Exit code:	0


Version:	3.50
CmdLine:	D:\Study and work areas\Program Project gather\JAVA Program\JAVA-Project\实训课作业\day09\out\bin\Client.exe --l4j-debug
JNI:		No
WOW64:		Yes
Working dir:	D:\Study and work areas\Program Project gather\JAVA Program\JAVA-Project\实训课作业\day09\out\bin\.
Requires JDK:	No
Requires 64-Bit: No
Java min ver:	
Java max ver:	
Substitute:	JAVA_HOME = D:\Java\jdk-22
JRE paths:	D:\Java\jdk-22\bin
Check launcher:	D:\Java\jdk-22\bin\javaw.exe (OK)
Version string: 1.022.000_002 / 64-Bit (OK)
Launcher:	D:\Java\jdk-22\bin\javaw.exe
Launcher args:	-jar "D:\Study and work areas\Program Project gather\JAVA Program\JAVA-Project\实训课作业\day09\out\bin\Client.exe"
Args length:	115/32768 chars
Exit code:	0


Version:	3.50
CmdLine:	D:\Study and work areas\Program Project gather\JAVA Program\JAVA-Project\实训课作业\day09\out\bin\Client.exe --l4j-debug
JNI:		No
WOW64:		Yes
Working dir:	D:\Study and work areas\Program Project gather\JAVA Program\JAVA-Project\实训课作业\day09\out\bin\.
Requires JDK:	No
Requires 64-Bit: No
Java min ver:	
Java max ver:	
Substitute:	JAVA_HOME = D:\Java\jdk-22
JRE paths:	D:\Java\jdk-22\bin
Check launcher:	D:\Java\jdk-22\bin\javaw.exe (OK)
Version string: 1.022.000_002 / 64-Bit (OK)
Launcher:	D:\Java\jdk-22\bin\javaw.exe
Launcher args:	-jar "D:\Study and work areas\Program Project gather\JAVA Program\JAVA-Project\实训课作业\day09\out\bin\Client.exe"
Args length:	115/32768 chars
Exit code:	0


Version:	3.50
CmdLine:	D:\Study and work areas\Program Project gather\JAVA Program\JAVA-Project\实训课作业\day09\out\bin\Client.exe --l4j-debug
JNI:		No
WOW64:		Yes
Working dir:	D:\Study and work areas\Program Project gather\JAVA Program\JAVA-Project\实训课作业\day09\out\bin\.
Requires JDK:	No
Requires 64-Bit: No
Java min ver:	
Java max ver:	
Substitute:	JAVA_HOME = D:\Java\jdk-22
Substitute:	PATH = C:\Program Files\Common Files\Oracle\Java\javapath;C:\Windows\system32;C:\Windows;C:\Windows\System32\Wbem;C:\Windows\System32\WindowsPowerShell\v1.0\;C:\Windows\System32\OpenSSH\;C:\Program Files (x86)\NVIDIA Corporation\PhysX\Common;C:\Program Files\NVIDIA Corporation\NVIDIA NvDLISR;C:\WINDOWS\system32;C:\WINDOWS;C:\WINDOWS\System32\Wbem;C:\WINDOWS\System32\WindowsPowerShell\v1.0\;C:\WINDOWS\System32\OpenSSH\;C:\Program Files\dotnet\;D:\Windows Kits\10\Windows Performance Toolkit\;C:\Program Files\Git\cmd;C:\Program Files\Git\bin;D:\Java\jdk-22\bin;D:\Java\jdk-22\bin;D:\Microsoft VS Code\MinGW\mingw64\bin;D:\development tools\mingw64\bin;C:\Users\29232\AppData\Local\Microsoft\WindowsApps;C:\Users\29232\.dotnet\tools;D:\Microsoft VS Code\bin;;D:\Java\jdk-22\bin
JRE paths:	D:\Java\jdk-22;C:\Program Files\Common Files\Oracle\Java\javapath;C:\Windows\system32;C:\Windows;C:\Windows\System32\Wbem;C:\Windows\System32\WindowsPowerShell\v1.0\;C:\Windows\System32\OpenSSH\;C:\Program Files (x86)\NVIDIA Corporation\PhysX\Common;C:\Program Files\NVIDIA Corporation\NVIDIA NvDLISR;C:\WINDOWS\system32;C:\WINDOWS;C:\WINDOWS\System32\Wbem;C:\WINDOWS\System32\WindowsPowerShell\v1.0\;C:\WINDOWS\System32\OpenSSH\;C:\Program Files\dotnet\;D:\Windows Kits\10\Windows Performance Toolkit\;C:\Program Files\Git\cmd;C:\Program Files\Git\bin;D:\Java\jdk-22\bin;D:\Java\jdk-22\bin;D:\Microsoft VS Code\MinGW\mingw64\bin;D:\development tools\mingw64\bin;C:\Users\29232\AppData\Local\Microsoft\WindowsApps;C:\Users\29232\.dotnet\tools;D:\Microsoft VS Code\bin;;D:\Java\jdk-22\bin
Check launcher:	D:\Java\jdk-22\bin\javaw.exe (OK)
Version string: 1.022.000_002 / 64-Bit (OK)
Launcher:	D:\Java\jdk-22\bin\javaw.exe
Launcher args:	-jar "D:\Study and work areas\Program Project gather\JAVA Program\JAVA-Project\实训课作业\day09\out\bin\Client.exe"
Args length:	115/32768 chars
Exit code:	0


Version:	3.50
CmdLine:	D:\Study and work areas\Program Project gather\JAVA Program\JAVA-Project\实训课作业\day09\out\bin\Client.exe --l4j-debug
JNI:		No
WOW64:		Yes
Requires JDK:	No
Requires 64-Bit: No
Java min ver:	
Java max ver:	
Substitute:	JAVA_HOME = D:\Java\jdk-22
Substitute:	PATH = C:\Program Files\Common Files\Oracle\Java\javapath;C:\Windows\system32;C:\Windows;C:\Windows\System32\Wbem;C:\Windows\System32\WindowsPowerShell\v1.0\;C:\Windows\System32\OpenSSH\;C:\Program Files (x86)\NVIDIA Corporation\PhysX\Common;C:\Program Files\NVIDIA Corporation\NVIDIA NvDLISR;C:\WINDOWS\system32;C:\WINDOWS;C:\WINDOWS\System32\Wbem;C:\WINDOWS\System32\WindowsPowerShell\v1.0\;C:\WINDOWS\System32\OpenSSH\;C:\Program Files\dotnet\;D:\Windows Kits\10\Windows Performance Toolkit\;C:\Program Files\Git\cmd;C:\Program Files\Git\bin;D:\Java\jdk-22\bin;D:\Java\jdk-22\bin;D:\Microsoft VS Code\MinGW\mingw64\bin;D:\development tools\mingw64\bin;C:\Users\29232\AppData\Local\Microsoft\WindowsApps;C:\Users\29232\.dotnet\tools;D:\Microsoft VS Code\bin;;D:\Java\jdk-22\bin
JRE paths:	D:\Java\jdk-22;C:\Program Files\Common Files\Oracle\Java\javapath;C:\Windows\system32;C:\Windows;C:\Windows\System32\Wbem;C:\Windows\System32\WindowsPowerShell\v1.0\;C:\Windows\System32\OpenSSH\;C:\Program Files (x86)\NVIDIA Corporation\PhysX\Common;C:\Program Files\NVIDIA Corporation\NVIDIA NvDLISR;C:\WINDOWS\system32;C:\WINDOWS;C:\WINDOWS\System32\Wbem;C:\WINDOWS\System32\WindowsPowerShell\v1.0\;C:\WINDOWS\System32\OpenSSH\;C:\Program Files\dotnet\;D:\Windows Kits\10\Windows Performance Toolkit\;C:\Program Files\Git\cmd;C:\Program Files\Git\bin;D:\Java\jdk-22\bin;D:\Java\jdk-22\bin;D:\Microsoft VS Code\MinGW\mingw64\bin;D:\development tools\mingw64\bin;C:\Users\29232\AppData\Local\Microsoft\WindowsApps;C:\Users\29232\.dotnet\tools;D:\Microsoft VS Code\bin;;D:\Java\jdk-22\bin
Check launcher:	D:\Java\jdk-22\bin\javaw.exe (OK)
Version string: 1.022.000_002 / 64-Bit (OK)
Launcher:	D:\Java\jdk-22\bin\javaw.exe
Launcher args:	-jar "D:\Study and work areas\Program Project gather\JAVA Program\JAVA-Project\实训课作业\day09\out\bin\Client.exe"
Args length:	115/32768 chars
Exit code:	0
